<?xml version="1.0" encoding="UTF-8"?>
<!-- Generated by org.testng.reporters.JUnitXMLReporter -->
<testsuite ignored="2" hostname="DESKTOP-EVB6OP3" failures="0" tests="2" name="Test" time="65.484" errors="0" timestamp="07 Feb 2018 10:50:32 GMT">
  <testcase classname="TestRumbleon.Selenium.LoginApp" name="Login_process" time="12.445"/>
  <testcase classname="TestRumbleon.Selenium.Buy" name="buy" time="13.509"/>
  <testcase classname="TestRumbleon.library.Base" name="@AfterSuite Aftersuite" time="0.0">
    <ignored/>
  </testcase> <!-- @AfterSuite Aftersuite -->
  <testcase classname="TestRumbleon.library.Base" name="@BeforeSuite beforesuite" time="0.0">
    <ignored/>
  </testcase> <!-- @BeforeSuite beforesuite -->
</testsuite> <!-- Test -->
