<?xml version="1.0" encoding="UTF-8"?>
<testng-results ignored="0" total="1" passed="1" failed="0" skipped="0">
  <reporter-output>
  </reporter-output>
  <suite started-at="2018-02-07T14:43:52Z" name="Default suite" finished-at="2018-02-07T14:44:03Z" duration-ms="10228">
    <groups>
    </groups>
    <test started-at="2018-02-07T14:43:52Z" name="Default test" finished-at="2018-02-07T14:44:03Z" duration-ms="10228">
      <class name="TestRumbleon.Selenium.car">
        <test-method signature="browser()[pri:0, instance:TestRumbleon.Selenium.car@33c911a1]" started-at="2018-02-07T20:13:52Z" name="browser" finished-at="2018-02-07T20:14:03Z" duration-ms="10204" status="PASS">
          <reporter-output>
          </reporter-output>
        </test-method> <!-- browser -->
      </class> <!-- TestRumbleon.Selenium.car -->
    </test> <!-- Default test -->
  </suite> <!-- Default suite -->
</testng-results>
